1
40
200
0
a 39 512
a 10 16
a 4 16
a 25 512
f 25
a 36 512
a 21 512
a 38 512
a 2 16
a 9 512
a 24 512
a 3 512
a 20 512
f 21
a 19 512
a 11 16
a 12 512
f 20
a 15 512
a 33 512
a 30 512
a 18 16
a 25 16
a 17 16
f 10
f 33
f 38
a 1 512
a 20 512
a 14 512
f 12
f 9
f 2
a 9 16
a 29 16
f 39
a 16 512
a 12 16
f 19
f 12
a 37 512
a 2 512
a 34 512
f 20
f 4
a 20 512
f 18
f 2
a 28 16
a 19 512
a 12 16
a 0 16
f 28
f 16
a 8 16
f 0
f 11
a 7 512
a 6 512
a 33 16
a 4 512
f 34
a 39 512
a 23 512
f 29
f 17
a 11 512
a 29 16
f 39
f 36
f 4
a 26 16
f 6
a 27 512
a 28 16
f 14
a 22 512
a 16 512
a 13 512
f 26
a 4 512
f 22
f 8
f 4
f 11
f 30
a 22 16
a 14 16
a 11 16
f 11
f 29
f 14
a 34 512
f 24
f 27
a 24 16
f 37
a 17 512
f 20
f 28
a 26 16
a 39 512
a 14 16
a 21 512
f 24
a 8 512
f 8
a 20 512
a 29 16
f 17
a 18 512
f 14
f 25
a 27 16
f 3
f 12
f 20
f 39
f 34
a 38 16
f 27
f 26
a 2 16
a 27 16
a 26 16
a 5 16
f 19
f 26
f 9
a 25 512
f 13
f 27
a 30 16
a 37 16
a 24 512
f 22
a 9 512
a 34 512
a 22 512
a 32 512
f 5
a 6 16
a 0 16
a 31 16
f 32
a 5 16
f 22
a 3 512
f 38
f 5
f 2
a 8 512
f 6
f 1
a 13 512
a 19 512
f 29
a 20 512
a 39 512
a 4 512
a 27 512
a 29 16
f 23
f 39
a 23 16
f 8
a 22 512
a 12 16
f 25
f 7
a 39 16
f 33
a 26 16
a 6 512
f 18
f 13
f 37
a 32 16
f 9
f 21
a 13 512
f 4
a 4 512
f 16
a 28 16
a 10 512
f 19
f 0
f 20
a 7 512
f 13
f 12
a 8 512
f 6
a 19 512
f 22
a 1 16
a 36 512
a 6 512
a 21 16
a 9 16
